<?xml version="1.0" encoding="UTF-8"?>
<testng-results skipped="0" failed="0" ignored="0" total="2" passed="2">
  <reporter-output>
  </reporter-output>
  <suite name="Suite" duration-ms="51248" started-at="2020-04-27T12:12:58Z" finished-at="2020-04-27T12:13:49Z">
    <groups>
    </groups>
    <test name="Test" duration-ms="51248" started-at="2020-04-27T12:12:58Z" finished-at="2020-04-27T12:13:49Z">
      <class name="com.testautomation.TestRunner.TestRunner">
        <test-method status="PASS" signature="setUpClass()[pri:0, instance:com.testautomation.TestRunner.TestRunner@2805c96b]" name="setUpClass" is-config="true" duration-ms="373" started-at="2020-04-27T12:12:58Z" finished-at="2020-04-27T12:12:58Z">
          <reporter-output>
          </reporter-output>
        </test-method> <!-- setUpClass -->
        <test-method status="PASS" signature="feature(cucumber.api.testng.PickleEventWrapper, cucumber.api.testng.CucumberFeatureWrapper)[pri:0, instance:com.testautomation.TestRunner.TestRunner@2805c96b]" name="feature" duration-ms="30414" started-at="2020-04-27T12:12:58Z" data-provider="features" finished-at="2020-04-27T12:13:29Z">
          <params>
            <param index="0">
              <value>
                <![CDATA["verifier l'authentication avec username et mots de passe correcte"]]>
              </value>
            </param>
            <param index="1">
              <value>
                <![CDATA["valider l'authentication Orange"]]>
              </value>
            </param>
          </params>
          <reporter-output>
          </reporter-output>
        </test-method> <!-- feature -->
        <test-method status="PASS" signature="feature(cucumber.api.testng.PickleEventWrapper, cucumber.api.testng.CucumberFeatureWrapper)[pri:0, instance:com.testautomation.TestRunner.TestRunner@2805c96b]" name="feature" duration-ms="19812" started-at="2020-04-27T12:13:29Z" data-provider="features" finished-at="2020-04-27T12:13:49Z">
          <params>
            <param index="0">
              <value>
                <![CDATA["verifier l'authentication avec mots de passe incorrecte"]]>
              </value>
            </param>
            <param index="1">
              <value>
                <![CDATA["valider l'authentication Orange"]]>
              </value>
            </param>
          </params>
          <reporter-output>
          </reporter-output>
        </test-method> <!-- feature -->
        <test-method status="PASS" signature="tearDownClass()[pri:0, instance:com.testautomation.TestRunner.TestRunner@2805c96b]" name="tearDownClass" is-config="true" duration-ms="24" started-at="2020-04-27T12:13:49Z" finished-at="2020-04-27T12:13:49Z">
          <reporter-output>
          </reporter-output>
        </test-method> <!-- tearDownClass -->
      </class> <!-- com.testautomation.TestRunner.TestRunner -->
    </test> <!-- Test -->
  </suite> <!-- Suite -->
</testng-results>
