<?xml version="1.0" encoding="UTF-8"?>
<testng-results skipped="0" failed="0" total="1" passed="1">
  <reporter-output>
  </reporter-output>
  <suite name="Suite" duration-ms="240901" started-at="2020-04-08T17:29:02Z" finished-at="2020-04-08T17:33:03Z">
    <groups>
    </groups>
    <test name="Test" duration-ms="240901" started-at="2020-04-08T17:29:02Z" finished-at="2020-04-08T17:33:03Z">
      <class name="com.testautomation.TestRunner.TestRunner">
        <test-method status="PASS" signature="setUpClass()[pri:0, instance:com.testautomation.TestRunner.TestRunner@2a32de6c]" name="setUpClass" is-config="true" duration-ms="642" started-at="2020-04-08T19:29:02Z" finished-at="2020-04-08T19:29:03Z">
          <reporter-output>
          </reporter-output>
        </test-method> <!-- setUpClass -->
        <test-method status="PASS" signature="feature(cucumber.api.testng.CucumberFeatureWrapper)[pri:0, instance:com.testautomation.TestRunner.TestRunner@2a32de6c]" name="feature" duration-ms="238193" started-at="2020-04-08T19:29:03Z" data-provider="features" finished-at="2020-04-08T19:33:02Z">
          <params>
            <param index="0">
              <value>
                <![CDATA[Linkedin Login Validation]]>
              </value>
            </param>
          </params>
          <reporter-output>
          </reporter-output>
        </test-method> <!-- feature -->
        <test-method status="PASS" signature="tearDownClass()[pri:0, instance:com.testautomation.TestRunner.TestRunner@2a32de6c]" name="tearDownClass" is-config="true" duration-ms="1528" started-at="2020-04-08T19:33:02Z" finished-at="2020-04-08T19:33:03Z">
          <reporter-output>
          </reporter-output>
        </test-method> <!-- tearDownClass -->
      </class> <!-- com.testautomation.TestRunner.TestRunner -->
    </test> <!-- Test -->
  </suite> <!-- Suite -->
</testng-results>
