<?xml version="1.0" encoding="UTF-8"?>
<!-- Generated by org.testng.reporters.JUnitXMLReporter -->
<testsuite hostname="DESKTOP-8KLIGMJ" name="Test" tests="1" failures="1" timestamp="9 Apr 2020 11:11:34 GMT" time="0.848" errors="0">
  <testcase name="feature" time="0.212" classname="com.testautomation.TestRunner.TestRunner">
    <failure type="cucumber.runtime.CucumberException" message="java.lang.NullPointerException">
      <![CDATA[cucumber.runtime.CucumberException: java.lang.NullPointerException
	at cucumber.api.testng.TestNGCucumberRunner.runCucumber(TestNGCucumberRunner.java:69)
	at com.testautomation.TestRunner.TestRunner.feature(TestRunner.java:31)
Caused by: java.lang.NullPointerException
	at java.io.File.<init>(File.java:277)
	at com.codoid.products.fillo.Fillo.getConnection(Fillo.java:40)
	at com.testautomation.Utility.ExcelHandler.getTestDataInMap(ExcelHandler.java:23)
	at com.testautomation.StepDef.TestDataReadingStepDef.read_test_data_for_testcase_(TestDataReadingStepDef.java:25)
	at ✽.Given Read test data for testcase_001(TestDataReading.feature:6)
... Removed 24 stack frames]]>
    </failure>
  </testcase> <!-- feature -->
</testsuite> <!-- Test -->
